<?xml version="1.0" encoding="UTF-8"?>
<!-- Generated by org.testng.reporters.JUnitReportReporter -->
<testsuite hostname="madhav-PC" name="com.test.automation.UiAutomation.HomePage.TC0002_Register_And_SignIn" tests="1" failures="0" timestamp="3 Nov 2017 11:58:00 GMT" time="16.552" errors="0">
  <testcase name="register" time="16.552" classname="com.test.automation.UiAutomation.HomePage.TC0002_Register_And_SignIn"/>
</testsuite> <!-- com.test.automation.UiAutomation.HomePage.TC0002_Register_And_SignIn -->
