<?xml version="1.0" encoding="UTF-8"?>
<!-- Generated by org.testng.reporters.JUnitReportReporter -->
<testsuite hostname="madhav-PC" name="com.test.automation.UiAutomation.ReadDataTest.TC004_ReadExcelData_With_Invalid_Credentails_And_Taking_ScreenShot" tests="1" failures="0" timestamp="5 Nov 2017 07:56:51 GMT" time="5.917" errors="0">
  <testcase name="verifyLoginWithInvalidCredentials" time="5.917" classname="com.test.automation.UiAutomation.ReadDataTest.TC004_ReadExcelData_With_Invalid_Credentails_And_Taking_ScreenShot"/>
</testsuite> <!-- com.test.automation.UiAutomation.ReadDataTest.TC004_ReadExcelData_With_Invalid_Credentails_And_Taking_ScreenShot -->
