<?xml version="1.0" encoding="UTF-8"?>
<!-- Generated by org.testng.reporters.JUnitReportReporter -->
<testsuite hostname="madhav-PC" name="com.test.automation.UiAutomation.ReadDataTest.ReadData" tests="1" failures="0" timestamp="5 Nov 2017 07:44:04 GMT" time="6.950" errors="0">
  <testcase name="verifyLoginWithInvalidCredentials" time="6.950" classname="com.test.automation.UiAutomation.ReadDataTest.ReadData"/>
</testsuite> <!-- com.test.automation.UiAutomation.ReadDataTest.ReadData -->
