<?xml version="1.0" encoding="UTF-8"?>
<!-- Generated by org.testng.reporters.JUnitReportReporter -->
<testsuite hostname="madhav-PC" name="com.test.automation.UiAutomation.ReadDataTest.TC0005_Register_Using_TestData_From_Excel" tests="1" failures="0" timestamp="12 Nov 2017 12:46:53 GMT" time="19.882" errors="0">
  <testcase name="register" time="19.882" classname="com.test.automation.UiAutomation.ReadDataTest.TC0005_Register_Using_TestData_From_Excel"/>
</testsuite> <!-- com.test.automation.UiAutomation.ReadDataTest.TC0005_Register_Using_TestData_From_Excel -->
