<?xml version="1.0" encoding="UTF-8"?>
<!-- Generated by org.testng.reporters.JUnitReportReporter -->
<testsuite hostname="madhav-PC" name="com.test.automation.UiAutomation.Registration.TC0002_Register_And_SignIn" tests="1" failures="0" timestamp="5 Nov 2017 12:34:18 GMT" time="18.328" errors="0">
  <testcase name="register" time="18.328" classname="com.test.automation.UiAutomation.Registration.TC0002_Register_And_SignIn"/>
</testsuite> <!-- com.test.automation.UiAutomation.Registration.TC0002_Register_And_SignIn -->
