<?xml version="1.0" encoding="UTF-8"?>
<!-- Generated by org.testng.reporters.JUnitReportReporter -->
<testsuite hostname="madhav-PC" name="com.test.automation.UiAutomation.ProductDetails.TC0003_Shopping_And_Payment" tests="1" failures="0" timestamp="12 Nov 2017 12:48:50 GMT" time="45.519" errors="0">
  <testcase name="Shopping_Payment" time="45.519" classname="com.test.automation.UiAutomation.ProductDetails.TC0003_Shopping_And_Payment"/>
</testsuite> <!-- com.test.automation.UiAutomation.ProductDetails.TC0003_Shopping_And_Payment -->
